Build started 10/21/2015 11:22:17 PM.
     1>Project "C:\Users\wbail\Documents\Visual Studio 2015\Projects\VidGamePre1\VidGamePre1\VidGamePre1.vcxproj" on node 2 (Build target(s)).
     1>ClCompile:
         D:\Program Files (x86)\Microsoft Visual Studio 14.0\VC\bin\CL.exe /c /ZI /nologo /W3 /WX- /sdl /Od /Oy- /D _MBCS /Gm /EHsc /RTC1 /MDd /GS /fp:precise /Zc:wchar_t /Zc:forScope /Zc:inline /Fo"Debug\\" /Fd"Debug\vc140.pdb" /Gd /TP /analyze- /errorReport:prompt Errors.cpp GLSProgram.cpp MainVidGame.cpp Sprite.cpp main.cpp
         Sprite.cpp
         MainVidGame.cpp
         GLSProgram.cpp
         Errors.cpp
         Generating Code...
         Compiling...
         main.cpp
         Generating Code...
       Link:
         D:\Program Files (x86)\Microsoft Visual Studio 14.0\VC\bin\link.exe /ERRORREPORT:PROMPT /OUT:"C:\Users\wbail\Documents\Visual Studio 2015\Projects\VidGamePre1\Debug\VidGamePre1.exe" /INCREMENTAL /NOLOGO /LIBPATH:"C:\Users\wbail\Documents\Visual Studio 2015\Projects\VidGamePre1\/deps/lib/" SDL2.lib SDL2main.lib opengl32.lib glew32.lib SDL2test.lib kernel32.lib user32.lib gdi32.lib winspool.lib comdlg32.lib advapi32.lib shell32.lib ole32.lib oleaut32.lib uuid.lib odbc32.lib odbccp32.lib /MANIFEST /MANIFESTUAC:"level='asInvoker' uiAccess='false'" /manifest:embed /Debug /PDB:"C:\Users\wbail\Documents\Visual Studio 2015\Projects\VidGamePre1\Debug\VidGamePre1.pdb" /SUBSYSTEM:CONSOLE /TLBID:1 /DYNAMICBASE /NXCOMPAT /IMPLIB:"C:\Users\wbail\Documents\Visual Studio 2015\Projects\VidGamePre1\Debug\VidGamePre1.lib" /MACHINE:X86 Debug\Errors.obj
         Debug\GLSProgram.obj
         Debug\main.obj
         Debug\MainVidGame.obj
         Debug\Sprite.obj
     1>MSVCRTD.lib(initializers.obj) : warning LNK4098: defaultlib 'msvcrt.lib' conflicts with use of other libs; use /NODEFAULTLIB:library
         VidGamePre1.vcxproj -> C:\Users\wbail\Documents\Visual Studio 2015\Projects\VidGamePre1\Debug\VidGamePre1.exe
     1>Done Building Project "C:\Users\wbail\Documents\Visual Studio 2015\Projects\VidGamePre1\VidGamePre1\VidGamePre1.vcxproj" (Build target(s)).

Build succeeded.

Time Elapsed 00:00:05.03
